<?xml version="1.0" encoding="UTF-8"?>
<!-- Generated by org.testng.reporters.JUnitReportReporter -->
<testsuite skipped="0" hostname="QAPLANET-PC" name="HMRGID.HMRAID.HMRTest" tests="2" failures="0" timestamp="25 Sep 2019 07:01:56 GMT" time="20.062" errors="0">
  <testcase name="Tc_2" time="10.128" classname="HMRGID.HMRAID.HMRTest"/>
  <testcase name="Tc_1" time="9.934" classname="HMRGID.HMRAID.HMRTest"/>
</testsuite> <!-- HMRGID.HMRAID.HMRTest -->
