<?xml version="1.0" encoding="UTF-8"?>
<!-- Generated by org.testng.reporters.JUnitReportReporter -->
<testsuite skipped="0" hostname="QAPLANET-PC" name="HMRGID.HMRAID.testngdemo" tests="1" failures="0" timestamp="25 Sep 2019 06:04:12 GMT" time="0.011" errors="0">
  <testcase name="m1" time="0.011" classname="HMRGID.HMRAID.testngdemo"/>
</testsuite> <!-- HMRGID.HMRAID.testngdemo -->
